{
  "stats": {
    "suites": 1,
    "tests": 4,
    "passes": 4,
    "pending": 0,
    "failures": 0,
    "start": "2020-02-29T00:34:42.696Z",
    "end": "2020-02-29T00:34:59.862Z",
    "duration": 17166,
    "testsRegistered": 4,
    "passPercent": 100,
    "pendingPercent": 0,
    "other": 0,
    "hasOther": false,
    "skipped": 0,
    "hasSkipped": false
  },
  "results": [
    {
      "uuid": "2ae5b01f-014f-4a46-8e5f-f1a4738a2385",
      "title": "",
      "fullFile": "",
      "file": "",
      "beforeHooks": [],
      "afterHooks": [],
      "tests": [],
      "suites": [
        {
          "uuid": "a0295841-0ddb-47ab-883c-cfc99b3b1cb7",
          "title": "Framework 1: Framework Test Suite",
          "fullFile": "",
          "file": "",
          "beforeHooks": [],
          "afterHooks": [],
          "tests": [
            {
              "title": "Verifying the home page",
              "fullTitle": "Framework 1: Framework Test Suite Verifying the home page",
              "timedOut": null,
              "duration": 3180,
              "state": "passed",
              "speed": "slow",
              "pass": true,
              "fail": false,
              "pending": false,
              "context": null,
              "code": "var homePageVar = new _homePage.default(); // cy.visit(\"https://rahulshettyacademy.com/angularpractice/\");\n//We call it using this.details or Cypress would not know what variable we are referring to\nhomePageVar.getNameBox().type(this.details.name);\nhomePageVar.getGenderBox().select(this.details.gender); //verifying the Two-Way Binding Example\nhomePageVar.getTwoWayDataBindingBox().should('have.value', this.details.name); //verifying that the attribute 'min-length' is '2'\ncy.get('input[name = \"name\"]:nth-child(2)').should('have.attr', 'minlength', '2'); //Verifying that the third option named 'Entrepreneur' is disabled\nhomePageVar.getEntrepreneurButton().should('be.disabled');",
              "err": {},
              "uuid": "5d26c5e1-f5af-4589-8918-4b147a7b4cbb",
              "parentUUID": "a0295841-0ddb-47ab-883c-cfc99b3b1cb7",
              "isHook": false,
              "skipped": false
            },
            {
              "title": "Doing some shopping now!!",
              "fullTitle": "Framework 1: Framework Test Suite Doing some shopping now!!",
              "timedOut": null,
              "duration": 2069,
              "state": "passed",
              "speed": "slow",
              "pass": true,
              "fail": false,
              "pending": false,
              "context": null,
              "code": "var homePageVar = new _homePage.default();\nhomePageVar.getShopLink().click(); //Using the customized command to click on the cellphone link - Blackberry\ncy.selectProduct(\"Blackberry\"); //We are also clicking on the Nokia Edge cellphone\ncy.selectProduct(\"Nokia Edge\"); //We can also use cy.debug() as the debugging command\n// cy.pause();\n//An iterative loop for selecting the items in the array of key-value pairs - NOT WORKING IN CYPRESS\n// this.details.cellphones.forEach(function(element) {\n//     cy.selectProduct(element);\n// })",
              "err": {},
              "uuid": "7afb0e07-fee4-4cc8-afff-088ed5b0bb62",
              "parentUUID": "a0295841-0ddb-47ab-883c-cfc99b3b1cb7",
              "isHook": false,
              "skipped": false
            },
            {
              "title": "Verifying the items present in the cart",
              "fullTitle": "Framework 1: Framework Test Suite Verifying the items present in the cart",
              "timedOut": null,
              "duration": 221,
              "state": "passed",
              "speed": "slow",
              "pass": true,
              "fail": false,
              "pending": false,
              "context": null,
              "code": "var sum = 0; //Declare the home page POM object again\nvar checkoutPageVar = new _checkoutPage.default(); //Clicking on the Checkout button\ncheckoutPageVar.getCheckoutButton().click(); //Verifying the values of the total cost and adding the individual costs\ncy.get('tr td:nth-child(4) strong').each(function ($el, index, $list) {\n  cy.log($el.text()); // const amountString = $el.text();\n  // const splitter = $el.text().split(\" \");\n  var amount = parseInt($el.text().split(\" \")[1], 10);\n  sum = sum + amount;\n}).then(function () {\n  cy.log(\"Total calculated sum: \" + sum);\n}); //Deriving the total cost amount from the webpage\nvar totalCost = 0;\ncy.get('h3 strong').then(function (totalCostString) {\n  totalCost = parseInt(totalCostString.text().split(\" \")[1], 10);\n  cy.log(\"Cart Cost: \" + totalCost).then(function () {\n    //Placing an assertion comparing the values\n    assert.strictEqual(sum, totalCost, \"The values are equal\");\n  });\n}); // assert.strictEqual(sum, totalCost, \"The values are equal\");",
              "err": {},
              "uuid": "bc927ba2-beed-49cd-8d33-42919415c338",
              "parentUUID": "a0295841-0ddb-47ab-883c-cfc99b3b1cb7",
              "isHook": false,
              "skipped": false
            },
            {
              "title": "Handling the cart items",
              "fullTitle": "Framework 1: Framework Test Suite Handling the cart items",
              "timedOut": null,
              "duration": 8567,
              "state": "passed",
              "speed": "slow",
              "pass": true,
              "fail": false,
              "pending": false,
              "context": null,
              "code": "//Declare the home page POM object again\nvar checkoutPageVar = new _checkoutPage.default(); //Clicking on the Checkout button again but this time in the CART page\ncheckoutPageVar.getCartCheckoutButton().click(); //Entering the Delivery Location\ncheckoutPageVar.getDeliverySpace().type(\"India\"); //Selecting the first suggestion from the list of suggestions\ncheckoutPageVar.getFirstSuggestion().click(); //Waiting for 3 seconds\ncy.wait(3000); //Click on the \"Terms and Conditions\" check box\n//checkoutPageVar.getTermsConditionsCheckBox().click();\n//Click on the 'Purchase' button\ncheckoutPageVar.getPurchaseButton().click(); //Check the presence of the Success alert in the page\ncheckoutPageVar.checkSuccessAlert().should('be.visible'); //Checking the text of the alert\ncy.get('.alert').should('contain', \"Success! Thank you! Your order will be delivered in next few weeks :-).\");",
              "err": {},
              "uuid": "8fcf15f4-4743-4bee-a47c-c587d8ffa9ff",
              "parentUUID": "a0295841-0ddb-47ab-883c-cfc99b3b1cb7",
              "isHook": false,
              "skipped": false
            }
          ],
          "suites": [],
          "passes": [
            "5d26c5e1-f5af-4589-8918-4b147a7b4cbb",
            "7afb0e07-fee4-4cc8-afff-088ed5b0bb62",
            "bc927ba2-beed-49cd-8d33-42919415c338",
            "8fcf15f4-4743-4bee-a47c-c587d8ffa9ff"
          ],
          "failures": [],
          "pending": [],
          "skipped": [],
          "duration": 14037,
          "root": false,
          "rootEmpty": false,
          "_timeout": 2000
        }
      ],
      "passes": [],
      "failures": [],
      "pending": [],
      "skipped": [],
      "duration": 0,
      "root": true,
      "rootEmpty": true,
      "_timeout": 2000
    }
  ],
  "meta": {
    "mocha": {
      "version": "5.2.0"
    },
    "mochawesome": {
      "options": {
        "quiet": false,
        "reportFilename": "mochawesome",
        "saveHtml": true,
        "saveJson": true,
        "consoleReporter": "spec",
        "useInlineDiffs": false
      },
      "version": "4.1.0"
    },
    "marge": {
      "options": {
        "overwrite": "true"
      },
      "version": "4.1.0"
    }
  }
}