{
  "stats": {
    "suites": 1,
    "tests": 4,
    "passes": 4,
    "pending": 0,
    "failures": 0,
    "start": "2020-01-19T18:43:59.120Z",
    "end": "2020-01-19T18:44:10.613Z",
    "duration": 11493,
    "testsRegistered": 4,
    "passPercent": 100,
    "pendingPercent": 0,
    "other": 0,
    "hasOther": false,
    "skipped": 0,
    "hasSkipped": false
  },
  "results": [
    {
      "uuid": "f1bac547-2b8e-4237-8428-4c40089abd89",
      "title": "",
      "fullFile": "",
      "file": "",
      "beforeHooks": [],
      "afterHooks": [],
      "tests": [],
      "suites": [
        {
          "uuid": "964e47fa-3217-49aa-9de3-5498649ab3b3",
          "title": "Test 3: Handling basic functionalities of Cypress",
          "fullFile": "",
          "file": "",
          "beforeHooks": [],
          "afterHooks": [],
          "tests": [
            {
              "title": "Checkbox functionality",
              "fullTitle": "Test 3: Handling basic functionalities of Cypress Checkbox functionality",
              "timedOut": null,
              "duration": 6869,
              "state": "passed",
              "speed": "slow",
              "pass": true,
              "fail": false,
              "pending": false,
              "context": null,
              "code": "//Navigating to the practice page\ncy.visit(\"https://rahulshettyacademy.com/AutomationPractice/\"); //Clicking on the checkbox and validating that it is checked and also validating the value option\ncy.get(\"#checkBoxOption1\").check().should('be.checked').and('have.checked', 'option1'); //Un-checking the box and validating that it is unchecked\ncy.get('#checkBoxOption1').uncheck().should('not.be.checked'); //Selecting multiple checkboxes and selecting the ones which are needed out of them\ncy.get('input[type = \"checkbox\"]').check(['option2', 'option3']);",
              "err": {},
              "uuid": "93b26569-d0a7-41bd-8aff-c01139269671",
              "parentUUID": "964e47fa-3217-49aa-9de3-5498649ab3b3",
              "isHook": false,
              "skipped": false
            },
            {
              "title": "Dropdown functionality",
              "fullTitle": "Test 3: Handling basic functionalities of Cypress Dropdown functionality",
              "timedOut": null,
              "duration": 706,
              "state": "passed",
              "speed": "slow",
              "pass": true,
              "fail": false,
              "pending": false,
              "context": null,
              "code": "//STATIC DROPDOWN\n//Selecting the dropdown option to be option2 and validating the value to be so\ncy.get('#dropdown-class-example').select('option2').should('have.value', 'option2'); //DYNAMIC DROPDOWN\ncy.get('#autocomplete').type(\"Ind\"); //For each of the suggestion box, we need the required option\ncy.get('.ui-menu-item-wrapper').each(function ($el, index, $list) {\n  var countryText = $el.text();\n  if (countryText.includes('India')) {\n    $el.click();\n  }\n}); //Validating that we have the required option in the selection with an assertion\ncy.get('#autocomplete').should('have.value', \"India\");",
              "err": {},
              "uuid": "0449c4a5-52eb-4166-bf8e-66cf97771270",
              "parentUUID": "964e47fa-3217-49aa-9de3-5498649ab3b3",
              "isHook": false,
              "skipped": false
            },
            {
              "title": "Handling visible and invisible elements",
              "fullTitle": "Test 3: Handling basic functionalities of Cypress Handling visible and invisible elements",
              "timedOut": null,
              "duration": 234,
              "state": "passed",
              "speed": "slow",
              "pass": true,
              "fail": false,
              "pending": false,
              "context": null,
              "code": "//Handling the 'Element Displayed Example'\n//Checking if the BOX is visible\ncy.get(\"#displayed-text\").should('be.visible'); //Clicking on the HIDE button\ncy.get('input[value = \"Hide\"]').click(); //Checking if the BOX is invisible\ncy.get(\"#displayed-text\").should('not.be.visible'); //Clicking on the SHOW button\ncy.get('input[value = \"Show\"]').click(); //Checking if the BOX is visible\ncy.get(\"#displayed-text\").should('be.visible');",
              "err": {},
              "uuid": "c8ef48ab-1e40-46a0-8ad2-32223049aec7",
              "parentUUID": "964e47fa-3217-49aa-9de3-5498649ab3b3",
              "isHook": false,
              "skipped": false
            },
            {
              "title": "Radio Button Functionality",
              "fullTitle": "Test 3: Handling basic functionalities of Cypress Radio Button Functionality",
              "timedOut": null,
              "duration": 224,
              "state": "passed",
              "speed": "slow",
              "pass": true,
              "fail": false,
              "pending": false,
              "context": null,
              "code": "//Selecting the radio buttons section as Whole and then clicking on the second and the first one\ncy.get('input[class = \"radioButton\"]').check(['radio1', 'radio2']);",
              "err": {},
              "uuid": "dbbd98f0-0428-416f-8d74-df57d1b017d0",
              "parentUUID": "964e47fa-3217-49aa-9de3-5498649ab3b3",
              "isHook": false,
              "skipped": false
            }
          ],
          "suites": [],
          "passes": [
            "93b26569-d0a7-41bd-8aff-c01139269671",
            "0449c4a5-52eb-4166-bf8e-66cf97771270",
            "c8ef48ab-1e40-46a0-8ad2-32223049aec7",
            "dbbd98f0-0428-416f-8d74-df57d1b017d0"
          ],
          "failures": [],
          "pending": [],
          "skipped": [],
          "duration": 8033,
          "root": false,
          "rootEmpty": false,
          "_timeout": 2000
        }
      ],
      "passes": [],
      "failures": [],
      "pending": [],
      "skipped": [],
      "duration": 0,
      "root": true,
      "rootEmpty": true,
      "_timeout": 2000
    }
  ],
  "meta": {
    "mocha": {
      "version": "5.2.0"
    },
    "mochawesome": {
      "options": {
        "quiet": false,
        "reportFilename": "mochawesome",
        "saveHtml": true,
        "saveJson": true,
        "consoleReporter": "spec",
        "useInlineDiffs": false
      },
      "version": "4.1.0"
    },
    "marge": {
      "options": {
        "overwrite": "false"
      },
      "version": "4.1.0"
    }
  }
}